<?xml version="1.0" encoding="UTF-8"?>
<!-- Generated by org.testng.reporters.JUnitReportReporter -->
<testsuite hostname="Sagar" failures="0" tests="2" name="testCases.CartPageTest" time="68.100" errors="0" timestamp="2023-10-28T21:54:24 IST" skipped="0">
  <testcase classname="testCases.CartPageTest" name="verifyURLOfApplicationTest" time="58.961"/>
  <system-out>
    <![CDATA[URL of cart page = https://www.saucedemo.com/cart.html]]>
  </system-out>
  <testcase classname="testCases.CartPageTest" name="VerifyverifyTitleCartPageTest" time="9.139"/>
  <system-out>
    <![CDATA[Title of cart page = Your Cart]]>
  </system-out>
</testsuite> <!-- testCases.CartPageTest -->
