<?xml version="1.0" encoding="UTF-8"?>
<!-- Generated by org.testng.reporters.JUnitReportReporter -->
<testsuite hostname="Sagar" failures="0" tests="1" name="testCases.CheckoutPage1Test" time="6.243" errors="0" timestamp="2023-10-22T19:31:21 IST" skipped="0">
  <testcase classname="testCases.CheckoutPage1Test" name="verifyURLOfCheckOutPage1Test" time="6.243"/>
  <system-out>
    <![CDATA[URL of cart page = https://www.saucedemo.com/checkout-step-one.html]]>
  </system-out>
</testsuite> <!-- testCases.CheckoutPage1Test -->
