<?xml version="1.0" encoding="UTF-8"?>
<!-- Generated by org.testng.reporters.JUnitReportReporter -->
<testsuite hostname="Sagar" failures="0" tests="6" name="testCases.CheckoutOverviewTest" time="41.917" errors="0" timestamp="2023-10-27T10:29:56 IST" skipped="0">
  <testcase classname="testCases.CheckoutOverviewTest" name="verifycancelBtnTest" time="6.787"/>
  <system-out>
    <![CDATA[Back to product URL  = https://www.saucedemo.com/inventory.html]]>
  </system-out>
  <testcase classname="testCases.CheckoutOverviewTest" name="verifypaymentInfoLabelTest" time="6.426"/>
  <system-out>
    <![CDATA[Label of payment infotmation = Payment Information]]>
  </system-out>
  <testcase classname="testCases.CheckoutOverviewTest" name="verifyLabelOfApplicationTest" time="8.094"/>
  <system-out>
    <![CDATA[label of application = Checkout: Overview]]>
  </system-out>
  <testcase classname="testCases.CheckoutOverviewTest" name="verifyshoppingInfoLabelTest" time="7.299"/>
  <system-out>
    <![CDATA[Label of shopping infotmation = Shipping Information]]>
  </system-out>
  <testcase classname="testCases.CheckoutOverviewTest" name="verifyfinishBtnTest" time="6.612"/>
  <system-out>
    <![CDATA[URL Thank you for your order! = https://www.saucedemo.com/checkout-complete.html]]>
  </system-out>
  <testcase classname="testCases.CheckoutOverviewTest" name="verifypriceTotalLabelTest" time="6.699"/>
  <system-out>
    <![CDATA[Label of price total = Price Total]]>
  </system-out>
</testsuite> <!-- testCases.CheckoutOverviewTest -->
