<?xml version="1.0" encoding="UTF-8"?>
<!-- Generated by org.testng.reporters.JUnitReportReporter -->
<testsuite hostname="Sagar" failures="0" tests="1" name="testCases.CheckoutPage3Test" time="6.854" errors="0" timestamp="2023-10-22T19:31:21 IST" skipped="0">
  <testcase classname="testCases.CheckoutPage3Test" name="verifytitleOfCheckoutCompleteTest" time="6.854"/>
  <system-out>
    <![CDATA[Checkout page of title = Checkout: Complete!]]>
  </system-out>
</testsuite> <!-- testCases.CheckoutPage3Test -->
