<?xml version="1.0" encoding="UTF-8"?>
<!-- Generated by org.testng.reporters.JUnitReportReporter -->
<testsuite hostname="Sagar" failures="0" tests="3" name="testCases.LoginPageTest" time="65.405" errors="0" timestamp="2023-10-29T21:06:59 IST" skipped="0">
  <testcase classname="testCases.LoginPageTest" name="verifyTitleOfApplicationTest" time="7.486"/>
  <system-out/>
  <testcase classname="testCases.LoginPageTest" name="LoginToApplicationTest" time="6.490"/>
  <system-out/>
  <testcase classname="testCases.LoginPageTest" name="verifyURLOfApplicationTest" time="51.429"/>
  <system-out/>
</testsuite> <!-- testCases.LoginPageTest -->
