<?xml version="1.0" encoding="UTF-8"?>
<!-- Generated by org.testng.reporters.JUnitReportReporter -->
<testsuite hostname="Sagar" failures="0" tests="8" name="testCases.Inventory_Page_Test" time="67.909" errors="0" timestamp="2023-10-29T16:06:15 IST" skipped="0">
  <testcase classname="testCases.Inventory_Page_Test" name="addToCartTest" time="13.859"/>
  <system-out>
    <![CDATA[Visibility of add to cart =true]]>
  </system-out>
  <testcase classname="testCases.Inventory_Page_Test" name="verifyTitleTest" time="6.111"/>
  <system-out>
    <![CDATA[Visibility of title =true]]>
  </system-out>
  <testcase classname="testCases.Inventory_Page_Test" name="remove2Products" time="12.168"/>
  <system-out>
    <![CDATA[Count of product after removing =4]]>
  </system-out>
  <testcase classname="testCases.Inventory_Page_Test" name="verifyFacebookLogoTest" time="9.567"/>
  <system-out>
    <![CDATA[Visibility of facebook logo =true]]>
  </system-out>
  <testcase classname="testCases.Inventory_Page_Test" name="verifyLinkedinLogoTest" time="5.881"/>
  <system-out>
    <![CDATA[Visibility of linkedin logo =true]]>
  </system-out>
  <testcase classname="testCases.Inventory_Page_Test" name="verifyProductLableTest" time="6.155"/>
  <system-out>
    <![CDATA[Applications Lable =Products]]>
  </system-out>
  <testcase classname="testCases.Inventory_Page_Test" name="verifyTwitterLogoTest" time="5.905"/>
  <system-out>
    <![CDATA[Visibility of twitter logo =true]]>
  </system-out>
  <testcase classname="testCases.Inventory_Page_Test" name="add6ProductTest" time="8.263"/>
  <system-out>
    <![CDATA[Total products added in to the cart =6]]>
  </system-out>
</testsuite> <!-- testCases.Inventory_Page_Test -->
